<?xml version="1.0" encoding="UTF-8"?>
<!-- Generated by org.testng.reporters.JUnitReportReporter -->
<testsuite hostname="DESKTOP-UJC2F7H" failures="0" tests="1" name="Testcases.Login_test" time="4.810" errors="0" timestamp="2024-01-08T15:21:54 IST" skipped="0">
  <testcase classname="Testcases.Login_test" name="logintest" time="4.810"/>
</testsuite> <!-- Testcases.Login_test -->
